<?xml version="1.0" encoding="UTF-8"?>
<!-- Generated by org.testng.reporters.JUnitReportReporter -->
<testsuite skipped="0" hostname="DESKTOP-JGEHULB" name="Topgear.com.selenium.L1.Assignment" tests="2" failures="0" timestamp="2020-06-04T19:39:59 IST" time="77.602" errors="0">
  <testcase name="test2" time="39.221" classname="Topgear.com.selenium.L1.Assignment"/>
  <system-out/>
  <testcase name="test1" time="38.381" classname="Topgear.com.selenium.L1.Assignment"/>
  <system-out/>
</testsuite> <!-- Topgear.com.selenium.L1.Assignment -->
