<?xml version="1.0" encoding="UTF-8"?>
<!-- Generated by org.testng.reporters.JUnitReportReporter -->
<testsuite skipped="0" hostname="DESKTOP-JGEHULB" name="Topgear.com.selenium.L1.Assignment" tests="1" failures="0" timestamp="2020-06-08T00:25:08 IST" time="54.035" errors="0">
  <testcase name="test2" time="54.035" classname="Topgear.com.selenium.L1.Assignment"/>
  <system-out/>
</testsuite> <!-- Topgear.com.selenium.L1.Assignment -->
